Using pre-set license
Built from '2020.3/staging' branch; Version is '2020.3.11f1 (99c7afb366b3) revision 10078127'; Using compiler version '192528614'; Build Type 'Release'
OS: 'Windows 10 Pro; OS build 19044.2251; Version 2009; 64bit' Language: 'pt' Physical Memory: 8135 MB
BatchMode: 1, IsHumanControllingUs: 0, StartBugReporterOnCrash: 0, Is64bit: 1, IsPro: 0

 COMMAND LINE ARGUMENTS:
C:\Program Files\Unity\Hub\Editor\2020.3.11f1\Editor\Unity.exe
-adb2
-batchMode
-noUpm
-name
AssetImportWorker0
-projectPath
C:/Users/thoma/Documents/GitHub/TRABALHOS-SHADER/REINALDO1
-logFile
Logs/AssetImportWorker0.log
-srvPort
51047
Successfully changed project path to: C:/Users/thoma/Documents/GitHub/TRABALHOS-SHADER/REINALDO1
C:/Users/thoma/Documents/GitHub/TRABALHOS-SHADER/REINALDO1
Using Asset Import Pipeline V2.
Refreshing native plugins compatible for Editor in 58.09 ms, found 2 plugins.
Preloading 0 native plugins for Editor in 0.00 ms.
Initialize engine version: 2020.3.11f1 (99c7afb366b3)
[Subsystems] Discovering subsystems at path C:/Program Files/Unity/Hub/Editor/2020.3.11f1/Editor/Data/Resources/UnitySubsystems
[Subsystems] Discovering subsystems at path C:/Users/thoma/Documents/GitHub/TRABALHOS-SHADER/REINALDO1/Assets
GfxDevice: creating device client; threaded=0
Direct3D:
    Version:  Direct3D 11.0 [level 11.1]
    Renderer: NVIDIA GeForce GTX 1060 6GB (ID=0x1c03)
    Vendor:   
    VRAM:     6043 MB
    Driver:   31.0.15.2686
Initialize mono
Mono path[0] = 'C:/Program Files/Unity/Hub/Editor/2020.3.11f1/Editor/Data/Managed'
Mono path[1] = 'C:/Program Files/Unity/Hub/Editor/2020.3.11f1/Editor/Data/MonoBleedingEdge/lib/mono/unityjit'
Mono config path = 'C:/Program Files/Unity/Hub/Editor/2020.3.11f1/Editor/Data/MonoBleedingEdge/etc'
Using monoOptions --debugger-agent=transport=dt_socket,embedding=1,server=y,suspend=n,address=127.0.0.1:56308
Begin MonoManager ReloadAssembly
Registering precompiled unity dll's ...
Register platform support module: C:/Program Files/Unity/Hub/Editor/2020.3.11f1/Editor/Data/PlaybackEngines/WebGLSupport/UnityEditor.WebGL.Extensions.dll
Register platform support module: C:/Program Files/Unity/Hub/Editor/2020.3.11f1/Editor/Data/PlaybackEngines/WindowsStandaloneSupport/UnityEditor.WindowsStandalone.Extensions.dll
Registered in 0.003487 seconds.
Native extension for WindowsStandalone target not found
Native extension for WebGL target not found
Refreshing native plugins compatible for Editor in 55.99 ms, found 2 plugins.
Preloading 0 native plugins for Editor in 0.00 ms.
Mono: successfully reloaded assembly
- Completed reload, in  1.573 seconds
Platform modules already initialized, skipping
Registering precompiled user dll's ...
Registered in 0.008132 seconds.
Begin MonoManager ReloadAssembly
Native extension for WindowsStandalone target not found
Native extension for WebGL target not found
Refreshing native plugins compatible for Editor in 66.44 ms, found 2 plugins.
Preloading 0 native plugins for Editor in 0.00 ms.
Mono: successfully reloaded assembly
- Completed reload, in  1.439 seconds
Platform modules already initialized, skipping
========================================================================
Worker process is ready to serve import requests
Shader 'Universal Render Pipeline/Particles/Lit': fallback shader 'Universal Render Pipeline/Particles/SimpleLit' not found
Shader 'Universal Render Pipeline/Particles/Lit': fallback shader 'Universal Render Pipeline/Particles/SimpleLit' not found
Launched and connected shader compiler UnityShaderCompiler.exe after 0.25 seconds
Refreshing native plugins compatible for Editor in 0.73 ms, found 2 plugins.
Preloading 0 native plugins for Editor in 0.00 ms.
Unloading 2696 Unused Serialized files (Serialized files now loaded: 0)
System memory in use before: 122.9 MB.
System memory in use after: 120.1 MB.

Unloading 54 unused Assets to reduce memory usage. Loaded Objects now: 3097.
Total: 4.454000 ms (FindLiveObjects: 0.644200 ms CreateObjectMapping: 0.213700 ms MarkObjects: 2.220100 ms  DeleteObjects: 1.374100 ms)

========================================================================
Received Import Request.
  path: Assets/Presets/AudioStreaming.preset
  artifactKey: Guid(86bcce7f5575b54408aa0f3a7d321039) Importer(815301076,1909f56bfc062723c751e8b465ee728b)
Start importing Assets/Presets/AudioStreaming.preset using Guid(86bcce7f5575b54408aa0f3a7d321039) Importer(815301076,1909f56bfc062723c751e8b465ee728b)  -> (artifact id: '9982fbd60bc57b892b2c54d34a0163c0') in 0.075648 seconds
  Import took 0.079994 seconds .

========================================================================
Received Import Request.
  Time since last request: 0.000289 seconds.
  path: Assets/Presets/AudioCompressedInMemory.preset
  artifactKey: Guid(2dd802e4d37c65149922028d3e973832) Importer(815301076,1909f56bfc062723c751e8b465ee728b)
Start importing Assets/Presets/AudioCompressedInMemory.preset using Guid(2dd802e4d37c65149922028d3e973832) Importer(815301076,1909f56bfc062723c751e8b465ee728b)  -> (artifact id: 'ac4de02398cfe62c06251b0f50233ebf') in 0.024609 seconds
  Import took 0.029348 seconds .

========================================================================
Received Import Request.
  Time since last request: 0.000452 seconds.
  path: Assets/Presets/NormalTexture.preset
  artifactKey: Guid(14a57cf3b9fa1c74b884aa7e0dcf1faa) Importer(815301076,1909f56bfc062723c751e8b465ee728b)
Start importing Assets/Presets/NormalTexture.preset using Guid(14a57cf3b9fa1c74b884aa7e0dcf1faa) Importer(815301076,1909f56bfc062723c751e8b465ee728b)  -> (artifact id: '9c195482fc53bc4f53f643643f636469') in 0.076128 seconds
  Import took 0.094584 seconds .

========================================================================
Received Import Request.
  Time since last request: 0.000270 seconds.
  path: Assets/Presets/UtilityTexture.preset
  artifactKey: Guid(45f7b2e3c78185248b3adbb14429c2ab) Importer(815301076,1909f56bfc062723c751e8b465ee728b)
Start importing Assets/Presets/UtilityTexture.preset using Guid(45f7b2e3c78185248b3adbb14429c2ab) Importer(815301076,1909f56bfc062723c751e8b465ee728b)  -> (artifact id: 'ab9c1faeeb59b745cafa0ae79c874a42') in 0.021276 seconds
  Import took 0.025992 seconds .

========================================================================
Received Import Request.
  Time since last request: 9.453312 seconds.
  path: Assets/Scenes/OCEANO.unity
  artifactKey: Guid(e4731cbc1ffe68d4b861fe9bfc45dc15) Importer(815301076,1909f56bfc062723c751e8b465ee728b)
Start importing Assets/Scenes/OCEANO.unity using Guid(e4731cbc1ffe68d4b861fe9bfc45dc15) Importer(815301076,1909f56bfc062723c751e8b465ee728b)  -> (artifact id: '43b3dbf9495004677d42390d1c5df6af') in 0.008535 seconds
  Import took 0.013635 seconds .

========================================================================
Received Import Request.
  Time since last request: 57.769220 seconds.
  path: Assets/Scenes/SHADEROCEANO.shader
  artifactKey: Guid(537034794e65f4c418c4ab08a3cb9f36) Importer(815301076,1909f56bfc062723c751e8b465ee728b)
Start importing Assets/Scenes/SHADEROCEANO.shader using Guid(537034794e65f4c418c4ab08a3cb9f36) Importer(815301076,1909f56bfc062723c751e8b465ee728b)  -> (artifact id: '6ff7adc043f1ce169a3b7db39ee253fd') in 0.048134 seconds
  Import took 0.054120 seconds .

========================================================================
Received Import Request.
  Time since last request: 4.570176 seconds.
  path: Assets/Scenes/SHADEROCEANO.shader
  artifactKey: Guid(537034794e65f4c418c4ab08a3cb9f36) Importer(815301076,1909f56bfc062723c751e8b465ee728b)
Start importing Assets/Scenes/SHADEROCEANO.shader using Guid(537034794e65f4c418c4ab08a3cb9f36) Importer(815301076,1909f56bfc062723c751e8b465ee728b)  -> (artifact id: '6ff7adc043f1ce169a3b7db39ee253fd') in 0.008887 seconds
  Import took 0.017717 seconds .

========================================================================
Received Import Request.
  Time since last request: 49.196227 seconds.
  path: Assets/Scenes/AAA.mat
  artifactKey: Guid(bba03c5cca480f94c9606faa5eb8fa7f) Importer(815301076,1909f56bfc062723c751e8b465ee728b)
Start importing Assets/Scenes/AAA.mat using Guid(bba03c5cca480f94c9606faa5eb8fa7f) Importer(815301076,1909f56bfc062723c751e8b465ee728b)  -> (artifact id: '2053521359c7c598e1981c2b23e1f34e') in 0.851391 seconds
  Import took 0.884066 seconds .

========================================================================
Received Import Request.
  Time since last request: 67.967845 seconds.
  path: Assets/Scenes/SHADEROCEANO.shader
  artifactKey: Guid(537034794e65f4c418c4ab08a3cb9f36) Importer(815301076,1909f56bfc062723c751e8b465ee728b)
Start importing Assets/Scenes/SHADEROCEANO.shader using Guid(537034794e65f4c418c4ab08a3cb9f36) Importer(815301076,1909f56bfc062723c751e8b465ee728b)  -> (artifact id: '90ec5bb7b903e2366b478aa1dcfa8bf6') in 0.004363 seconds
  Import took 0.099393 seconds .

========================================================================
Received Import Request.
  Time since last request: 126.898477 seconds.
  path: Packages/com.unity.render-pipelines.core/Editor/LookDev/Icons/Add.png
  artifactKey: Guid(cbaeed03e5416aa4bae23110b63a0c7d) Importer(815301076,1909f56bfc062723c751e8b465ee728b)
Start importing Packages/com.unity.render-pipelines.core/Editor/LookDev/Icons/Add.png using Guid(cbaeed03e5416aa4bae23110b63a0c7d) Importer(815301076,1909f56bfc062723c751e8b465ee728b)  -> (artifact id: '20aa62303d3821808717744dfb0815e5') in 0.274371 seconds
  Import took 0.295375 seconds .

========================================================================
Received Import Request.
  Time since last request: 0.000250 seconds.
  path: Packages/com.unity.render-pipelines.core/Editor/Resources/Advanced_UnPressed_mini.png
  artifactKey: Guid(ad4dcac393f63f3468f6d9ff1652732e) Importer(815301076,1909f56bfc062723c751e8b465ee728b)
Start importing Packages/com.unity.render-pipelines.core/Editor/Resources/Advanced_UnPressed_mini.png using Guid(ad4dcac393f63f3468f6d9ff1652732e) Importer(815301076,1909f56bfc062723c751e8b465ee728b)  -> (artifact id: 'f42ddecbaca8bd39a59dd9fd15ddb7a0') in 0.060495 seconds
  Import took 0.065851 seconds .

========================================================================
Received Import Request.
  Time since last request: 0.000181 seconds.
  path: Packages/com.unity.render-pipelines.core/Editor/LookDev/Icons/Add.png
  artifactKey: Guid(cbaeed03e5416aa4bae23110b63a0c7d) Importer(815301076,1909f56bfc062723c751e8b465ee728b)
Start importing Packages/com.unity.render-pipelines.core/Editor/LookDev/Icons/Add.png using Guid(cbaeed03e5416aa4bae23110b63a0c7d) Importer(815301076,1909f56bfc062723c751e8b465ee728b)  -> (artifact id: '20aa62303d3821808717744dfb0815e5') in 0.029281 seconds
  Import took 0.034754 seconds .

========================================================================
Received Import Request.
  Time since last request: 0.000178 seconds.
  path: Packages/com.unity.render-pipelines.core/Editor/LookDev/Icons/Add@2x.png
  artifactKey: Guid(79aba0b290c471c4ba3d3f818d4e9b15) Importer(815301076,1909f56bfc062723c751e8b465ee728b)
Start importing Packages/com.unity.render-pipelines.core/Editor/LookDev/Icons/Add@2x.png using Guid(79aba0b290c471c4ba3d3f818d4e9b15) Importer(815301076,1909f56bfc062723c751e8b465ee728b)  -> (artifact id: 'fabfb3c78a6cadbc831f788f3630abc5') in 0.091493 seconds
  Import took 0.097259 seconds .

========================================================================
Received Import Request.
  Time since last request: 0.000186 seconds.
  path: Packages/com.unity.collab-proxy/Editor/Collaborate/Assets/Icons/added-file-dark.png
  artifactKey: Guid(1a4f52b613391cd449af3ad2e44affeb) Importer(815301076,1909f56bfc062723c751e8b465ee728b)
Start importing Packages/com.unity.collab-proxy/Editor/Collaborate/Assets/Icons/added-file-dark.png using Guid(1a4f52b613391cd449af3ad2e44affeb) Importer(815301076,1909f56bfc062723c751e8b465ee728b)  -> (artifact id: 'b99252b0c67b5596ab6ba559a51f366e') in 0.041874 seconds
  Import took 0.059229 seconds .

========================================================================
Received Import Request.
  Time since last request: 0.000283 seconds.
  path: Packages/com.unity.render-pipelines.core/Editor/LookDev/Icons/Add@2x.png
  artifactKey: Guid(79aba0b290c471c4ba3d3f818d4e9b15) Importer(815301076,1909f56bfc062723c751e8b465ee728b)
Start importing Packages/com.unity.render-pipelines.core/Editor/LookDev/Icons/Add@2x.png using Guid(79aba0b290c471c4ba3d3f818d4e9b15) Importer(815301076,1909f56bfc062723c751e8b465ee728b)  -> (artifact id: 'fabfb3c78a6cadbc831f788f3630abc5') in 0.012152 seconds
  Import took 0.018904 seconds .

========================================================================
Received Import Request.
  Time since last request: 0.000194 seconds.
  path: Packages/com.unity.collab-proxy/Editor/Collaborate/Assets/Icons/added-file-dark.png
  artifactKey: Guid(1a4f52b613391cd449af3ad2e44affeb) Importer(815301076,1909f56bfc062723c751e8b465ee728b)
Start importing Packages/com.unity.collab-proxy/Editor/Collaborate/Assets/Icons/added-file-dark.png using Guid(1a4f52b613391cd449af3ad2e44affeb) Importer(815301076,1909f56bfc062723c751e8b465ee728b)  -> (artifact id: 'b99252b0c67b5596ab6ba559a51f366e') in 0.016703 seconds
  Import took 0.021740 seconds .

========================================================================
Received Import Request.
  Time since last request: 0.000245 seconds.
  path: Packages/com.unity.collab-proxy/Editor/Collaborate/Assets/Icons/added-file-dark@2x.png
  artifactKey: Guid(c223e0c507e2c6549a2cb97441b62cbe) Importer(815301076,1909f56bfc062723c751e8b465ee728b)
Start importing Packages/com.unity.collab-proxy/Editor/Collaborate/Assets/Icons/added-file-dark@2x.png using Guid(c223e0c507e2c6549a2cb97441b62cbe) Importer(815301076,1909f56bfc062723c751e8b465ee728b)  -> (artifact id: 'a37bb6a4d4ba9af90541c3a422d694e0') in 0.048801 seconds
  Import took 0.061534 seconds .

========================================================================
Received Import Request.
  Time since last request: 0.000191 seconds.
  path: Packages/com.unity.collab-proxy/Editor/Collaborate/Assets/Icons/added-file-light@2x.png
  artifactKey: Guid(ec2e3aa6d0ab8ce4eac29b56d65d61d5) Importer(815301076,1909f56bfc062723c751e8b465ee728b)
Start importing Packages/com.unity.collab-proxy/Editor/Collaborate/Assets/Icons/added-file-light@2x.png using Guid(ec2e3aa6d0ab8ce4eac29b56d65d61d5) Importer(815301076,1909f56bfc062723c751e8b465ee728b)  -> (artifact id: '79a75895abbf6994390b5082f26caae0') in 0.059398 seconds
  Import took 0.085349 seconds .

========================================================================
Received Import Request.
  Time since last request: 0.000171 seconds.
  path: Packages/com.unity.render-pipelines.core/Editor/Resources/Advanced_Pressed_mini.png
  artifactKey: Guid(3e471b9fad7264146aa03aca58b27957) Importer(815301076,1909f56bfc062723c751e8b465ee728b)
Start importing Packages/com.unity.render-pipelines.core/Editor/Resources/Advanced_Pressed_mini.png using Guid(3e471b9fad7264146aa03aca58b27957) Importer(815301076,1909f56bfc062723c751e8b465ee728b)  -> (artifact id: '8789a4466a42033ce1c3b291bb6dfcf4') in 0.036685 seconds
  Import took 0.041967 seconds .

========================================================================
Received Import Request.
  Time since last request: 0.000215 seconds.
  path: Packages/com.unity.collab-proxy/Editor/Collaborate/Assets/Icons/added-file-light.png
  artifactKey: Guid(397fff6c3885f8343bb65714f0064b5d) Importer(815301076,1909f56bfc062723c751e8b465ee728b)
Start importing Packages/com.unity.collab-proxy/Editor/Collaborate/Assets/Icons/added-file-light.png using Guid(397fff6c3885f8343bb65714f0064b5d) Importer(815301076,1909f56bfc062723c751e8b465ee728b)  -> (artifact id: 'bf297bbe518ec5af8c740f1407c625d4') in 0.038703 seconds
  Import took 0.043627 seconds .

========================================================================
Received Import Request.
  Time since last request: 22.081615 seconds.
  path: Assets/Scenes/TEXTURAOCEANO1.jpg
  artifactKey: Guid(a9938bd07be06ff40bf57d6745c664e4) Importer(815301076,1909f56bfc062723c751e8b465ee728b)
Start importing Assets/Scenes/TEXTURAOCEANO1.jpg using Guid(a9938bd07be06ff40bf57d6745c664e4) Importer(815301076,1909f56bfc062723c751e8b465ee728b)  -> (artifact id: 'fea3875b0c03aca78f801421cf76c171') in 0.052489 seconds
  Import took 0.067742 seconds .

========================================================================
Received Import Request.
  Time since last request: 4.563308 seconds.
  path: Assets/Scenes/TEXTURAOCEANO2.jpg
  artifactKey: Guid(fdbdde0f29129b14c8b740a7d63fce8a) Importer(815301076,1909f56bfc062723c751e8b465ee728b)
Start importing Assets/Scenes/TEXTURAOCEANO2.jpg using Guid(fdbdde0f29129b14c8b740a7d63fce8a) Importer(815301076,1909f56bfc062723c751e8b465ee728b)  -> (artifact id: '77b9be85e99434e2618f3a8dfe45ab3f') in 0.032207 seconds
  Import took 0.051099 seconds .

========================================================================
Received Import Request.
  Time since last request: 6.215840 seconds.
  path: Packages/com.unity.render-pipelines.universal/Textures/SMAA/AreaTex.tga
  artifactKey: Guid(d1f1048909d55cd4fa1126ab998f617e) Importer(815301076,1909f56bfc062723c751e8b465ee728b)
Start importing Packages/com.unity.render-pipelines.universal/Textures/SMAA/AreaTex.tga using Guid(d1f1048909d55cd4fa1126ab998f617e) Importer(815301076,1909f56bfc062723c751e8b465ee728b)  -> (artifact id: '5fe0624972058d6376628a77033065d4') in 0.018802 seconds
  Import took 0.025446 seconds .

========================================================================
Received Import Request.
  Time since last request: 0.000306 seconds.
  path: Packages/com.unity.collab-proxy/Editor/Collaborate/Assets/Icons/back-dark.png
  artifactKey: Guid(8e3ec2dfd58b79842aa78376678a9a05) Importer(815301076,1909f56bfc062723c751e8b465ee728b)
Start importing Packages/com.unity.collab-proxy/Editor/Collaborate/Assets/Icons/back-dark.png using Guid(8e3ec2dfd58b79842aa78376678a9a05) Importer(815301076,1909f56bfc062723c751e8b465ee728b)  -> (artifact id: '7cbdcf17affde6e22ead0f8a57758b39') in 0.050614 seconds
  Import took 0.064675 seconds .

========================================================================
Received Import Request.
  Time since last request: 0.547096 seconds.
  path: Packages/com.unity.collab-proxy/Editor/Collaborate/Assets/Icons/back-dark@2x.png
  artifactKey: Guid(9c6313a5316f8a34b852bf94ff96e3ab) Importer(815301076,1909f56bfc062723c751e8b465ee728b)
Start importing Packages/com.unity.collab-proxy/Editor/Collaborate/Assets/Icons/back-dark@2x.png using Guid(9c6313a5316f8a34b852bf94ff96e3ab) Importer(815301076,1909f56bfc062723c751e8b465ee728b)  -> (artifact id: 'f081dcfe0442e701778face8d2aab26d') in 0.039725 seconds
  Import took 0.047514 seconds .

========================================================================
Received Import Request.
  Time since last request: 0.000358 seconds.
  path: Packages/com.unity.collab-proxy/Editor/Collaborate/Assets/Icons/back-light.png
  artifactKey: Guid(e676ab7aa99535447a763c9f88bf9260) Importer(815301076,1909f56bfc062723c751e8b465ee728b)
Start importing Packages/com.unity.collab-proxy/Editor/Collaborate/Assets/Icons/back-light.png using Guid(e676ab7aa99535447a763c9f88bf9260) Importer(815301076,1909f56bfc062723c751e8b465ee728b)  -> (artifact id: '0b9ddcf485a27bacb3f83271901b9ab7') in 0.040564 seconds
  Import took 0.054275 seconds .

========================================================================
Received Import Request.
  Time since last request: 0.000431 seconds.
  path: Packages/com.unity.shadergraph/Editor/Resources/GraphView/Nodes/BlackboardFieldExposed.png
  artifactKey: Guid(2e8113252e9a1b245a81dc384ae86446) Importer(815301076,1909f56bfc062723c751e8b465ee728b)
Start importing Packages/com.unity.shadergraph/Editor/Resources/GraphView/Nodes/BlackboardFieldExposed.png using Guid(2e8113252e9a1b245a81dc384ae86446) Importer(815301076,1909f56bfc062723c751e8b465ee728b)  -> (artifact id: '12eafa1b4f6d0e17bc351ba734e3e6a6') in 0.038002 seconds
  Import took 0.043618 seconds .

========================================================================
Received Import Request.
  Time since last request: 0.000312 seconds.
  path: Packages/com.unity.collab-proxy/Editor/Collaborate/Assets/Icons/back-light@2x.png
  artifactKey: Guid(f5c57327df0fa294c8209aa216435167) Importer(815301076,1909f56bfc062723c751e8b465ee728b)
Start importing Packages/com.unity.collab-proxy/Editor/Collaborate/Assets/Icons/back-light@2x.png using Guid(f5c57327df0fa294c8209aa216435167) Importer(815301076,1909f56bfc062723c751e8b465ee728b)  -> (artifact id: 'f912573ce4c308c580def96e452ee823') in 0.037354 seconds
  Import took 0.041663 seconds .

========================================================================
Received Import Request.
  Time since last request: 0.000163 seconds.
  path: Packages/com.unity.collab-proxy/Editor/Collaborate/Assets/Icons/back-dark@2x.png
  artifactKey: Guid(9c6313a5316f8a34b852bf94ff96e3ab) Importer(815301076,1909f56bfc062723c751e8b465ee728b)
Start importing Packages/com.unity.collab-proxy/Editor/Collaborate/Assets/Icons/back-dark@2x.png using Guid(9c6313a5316f8a34b852bf94ff96e3ab) Importer(815301076,1909f56bfc062723c751e8b465ee728b)  -> (artifact id: 'f081dcfe0442e701778face8d2aab26d') in 0.020614 seconds
  Import took 0.025219 seconds .

========================================================================
Received Import Request.
  Time since last request: 0.195578 seconds.
  path: Packages/com.unity.shadergraph/Editor/Resources/GraphView/Nodes/BlackboardFieldPillBackground.png
  artifactKey: Guid(56603bbe7a2b54640bbd90104bea4981) Importer(815301076,1909f56bfc062723c751e8b465ee728b)
Start importing Packages/com.unity.shadergraph/Editor/Resources/GraphView/Nodes/BlackboardFieldPillBackground.png using Guid(56603bbe7a2b54640bbd90104bea4981) Importer(815301076,1909f56bfc062723c751e8b465ee728b)  -> (artifact id: '4bd11027f40b8d8572272772987a6f6c') in 0.034544 seconds
  Import took 0.039775 seconds .

========================================================================
Received Import Request.
  Time since last request: 0.000276 seconds.
  path: Packages/com.unity.textmeshpro/Editor Resources/Textures/btn_AlignBaseLine_Light.psd
  artifactKey: Guid(18775b51e3bd42299fd30bd036ea982f) Importer(815301076,1909f56bfc062723c751e8b465ee728b)
Start importing Packages/com.unity.textmeshpro/Editor Resources/Textures/btn_AlignBaseLine_Light.psd using Guid(18775b51e3bd42299fd30bd036ea982f) Importer(815301076,1909f56bfc062723c751e8b465ee728b)  -> (artifact id: 'd6cf899d76b677a0f09c5c609435c886') in 0.095592 seconds
  Import took 0.099954 seconds .

========================================================================
Received Import Request.
  Time since last request: 0.000303 seconds.
  path: Packages/com.unity.textmeshpro/Editor Resources/Textures/btn_AlignBottom.psd
  artifactKey: Guid(ca51b19024094d1b87f3e07edb0a75fb) Importer(815301076,1909f56bfc062723c751e8b465ee728b)
Start importing Packages/com.unity.textmeshpro/Editor Resources/Textures/btn_AlignBottom.psd using Guid(ca51b19024094d1b87f3e07edb0a75fb) Importer(815301076,1909f56bfc062723c751e8b465ee728b)  -> (artifact id: '01394a47d80a805f158580faa0a14cb0') in 0.063029 seconds
  Import took 0.067487 seconds .

========================================================================
Received Import Request.
  Time since last request: 0.000278 seconds.
  path: Packages/com.unity.textmeshpro/Editor Resources/Textures/btn_AlignBaseLine.psd
  artifactKey: Guid(8bc445bb79654bf496c92d0407840a92) Importer(815301076,1909f56bfc062723c751e8b465ee728b)
Start importing Packages/com.unity.textmeshpro/Editor Resources/Textures/btn_AlignBaseLine.psd using Guid(8bc445bb79654bf496c92d0407840a92) Importer(815301076,1909f56bfc062723c751e8b465ee728b)  -> (artifact id: 'bc2e64c82dd6da1cd2d622d646573e4f') in 0.085365 seconds
  Import took 0.090407 seconds .

========================================================================
Received Import Request.
  Time since last request: 225.164662 seconds.
  path: Assets/Scenes/PRAIA.fbx
  artifactKey: Guid(fcf4dc16a1489014b9071120e3ba9c4f) Importer(815301076,1909f56bfc062723c751e8b465ee728b)
Start importing Assets/Scenes/PRAIA.fbx using Guid(fcf4dc16a1489014b9071120e3ba9c4f) Importer(815301076,1909f56bfc062723c751e8b465ee728b)  -> (artifact id: 'c08cf3aee2a1ccd1f0963419f061e82d') in 0.264430 seconds
  Import took 0.288896 seconds .

========================================================================
Received Import Request.
  Time since last request: 14.961798 seconds.
  path: Assets/Scenes/coqueiro.fbx
  artifactKey: Guid(b20fd3d3f99cb4e4d99f7b3a66cd5e21) Importer(815301076,1909f56bfc062723c751e8b465ee728b)
Start importing Assets/Scenes/coqueiro.fbx using Guid(b20fd3d3f99cb4e4d99f7b3a66cd5e21) Importer(815301076,1909f56bfc062723c751e8b465ee728b)  -> (artifact id: 'd21944c6154b497ffc036961efba013a') in 0.056156 seconds
  Import took 0.073678 seconds .

========================================================================
Received Import Request.
  Time since last request: 130.929572 seconds.
  path: Assets/Scenes/girl1-29_05.fbx
  artifactKey: Guid(4678f8d8e1e2f55409b6700a9aef23f9) Importer(815301076,1909f56bfc062723c751e8b465ee728b)
Start importing Assets/Scenes/girl1-29_05.fbx using Guid(4678f8d8e1e2f55409b6700a9aef23f9) Importer(815301076,1909f56bfc062723c751e8b465ee728b)  -> (artifact id: '9ffe381ec80f3e6e03b3cdede3b27ee1') in 0.043359 seconds
  Import took 0.049596 seconds .

========================================================================
Received Import Request.
  Time since last request: 271.372841 seconds.
  path: Assets/Scenes/NORMALGIRL1.png
  artifactKey: Guid(23485ed6e84e3b540baac3a3389063e8) Importer(815301076,1909f56bfc062723c751e8b465ee728b)
Start importing Assets/Scenes/NORMALGIRL1.png using Guid(23485ed6e84e3b540baac3a3389063e8) Importer(815301076,1909f56bfc062723c751e8b465ee728b)  -> (artifact id: '56496cd9212f1f428774456cb9835066') in 0.021016 seconds
  Import took 0.037309 seconds .

========================================================================
Received Import Request.
  Time since last request: 20.431253 seconds.
  path: Assets/Scenes/girl1-29_05.fbx
  artifactKey: Guid(4678f8d8e1e2f55409b6700a9aef23f9) Importer(815301076,1909f56bfc062723c751e8b465ee728b)
Start importing Assets/Scenes/girl1-29_05.fbx using Guid(4678f8d8e1e2f55409b6700a9aef23f9) Importer(815301076,1909f56bfc062723c751e8b465ee728b)  -> (artifact id: '50d331bcbce24453a227d218c3970212') in 0.037349 seconds
  Import took 0.093300 seconds .

========================================================================
Received Import Request.
  Time since last request: 204.770072 seconds.
  path: Assets/Scenes/AAA.mat
  artifactKey: Guid(bba03c5cca480f94c9606faa5eb8fa7f) Importer(815301076,1909f56bfc062723c751e8b465ee728b)
Start importing Assets/Scenes/AAA.mat using Guid(bba03c5cca480f94c9606faa5eb8fa7f) Importer(815301076,1909f56bfc062723c751e8b465ee728b)  -> (artifact id: '23093f93cc1c5ee1d1f1955ff86a1e6d') in 0.042933 seconds
  Import took 0.054517 seconds .

========================================================================
Received Import Request.
  Time since last request: 61.846627 seconds.
  path: Assets/Classic Skybox/01/sky1_BK.jpg
  artifactKey: Guid(8802fb6de4b85e545ac1e288ad45777a) Importer(815301076,1909f56bfc062723c751e8b465ee728b)
Start importing Assets/Classic Skybox/01/sky1_BK.jpg using Guid(8802fb6de4b85e545ac1e288ad45777a) Importer(815301076,1909f56bfc062723c751e8b465ee728b)  -> (artifact id: '66bb1ba0c07a18bf4701cbedf9d6a5af') in 0.025365 seconds
  Import took 0.044125 seconds .

========================================================================
Received Import Request.
  Time since last request: 0.000277 seconds.
  path: Assets/Classic Skybox/01/sky1_FR.jpg
  artifactKey: Guid(54e6f163b8d00d5488cccceef7512344) Importer(815301076,1909f56bfc062723c751e8b465ee728b)
Start importing Assets/Classic Skybox/01/sky1_FR.jpg using Guid(54e6f163b8d00d5488cccceef7512344) Importer(815301076,1909f56bfc062723c751e8b465ee728b)  -> (artifact id: '13d53db6c1038c01dfbdc4329177184e') in 0.031381 seconds
  Import took 0.036065 seconds .

========================================================================
Received Import Request.
  Time since last request: 0.000243 seconds.
  path: Assets/Classic Skybox/01/sky1_UP.jpg
  artifactKey: Guid(b3c8d7670a0c1cd4e86019824545d62d) Importer(815301076,1909f56bfc062723c751e8b465ee728b)
Start importing Assets/Classic Skybox/01/sky1_UP.jpg using Guid(b3c8d7670a0c1cd4e86019824545d62d) Importer(815301076,1909f56bfc062723c751e8b465ee728b)  -> (artifact id: '8e4f1b76b3e2a07e2773cb960c0cb848') in 0.049814 seconds
  Import took 0.074524 seconds .

========================================================================
Received Import Request.
  Time since last request: 0.000179 seconds.
  path: Assets/Classic Skybox/01/sky1_DN.jpg
  artifactKey: Guid(9a94b0aa4e2406d498f5a2abfbddafc5) Importer(815301076,1909f56bfc062723c751e8b465ee728b)
Start importing Assets/Classic Skybox/01/sky1_DN.jpg using Guid(9a94b0aa4e2406d498f5a2abfbddafc5) Importer(815301076,1909f56bfc062723c751e8b465ee728b)  -> (artifact id: 'e65062a11fbb5f4037836393d34898c8') in 0.031619 seconds
  Import took 0.039196 seconds .

========================================================================
Received Import Request.
  Time since last request: 0.000205 seconds.
  path: Assets/Classic Skybox/01/sky1_LF.jpg
  artifactKey: Guid(a1eea21ab77686b4694b4a4adef12a6d) Importer(815301076,1909f56bfc062723c751e8b465ee728b)
Start importing Assets/Classic Skybox/01/sky1_LF.jpg using Guid(a1eea21ab77686b4694b4a4adef12a6d) Importer(815301076,1909f56bfc062723c751e8b465ee728b)  -> (artifact id: 'aca066f31e8ef7ad3797be17c9cd474d') in 0.028703 seconds
  Import took 0.033176 seconds .

========================================================================
Received Import Request.
  Time since last request: 0.000177 seconds.
  path: Assets/Classic Skybox/01/sky1_RT.jpg
  artifactKey: Guid(36475809683ad164cb9f291d30297f4d) Importer(815301076,1909f56bfc062723c751e8b465ee728b)
Start importing Assets/Classic Skybox/01/sky1_RT.jpg using Guid(36475809683ad164cb9f291d30297f4d) Importer(815301076,1909f56bfc062723c751e8b465ee728b)  -> (artifact id: '1fefe3ade617db0631920eca366329d2') in 0.054441 seconds
  Import took 0.065793 seconds .

========================================================================
Received Import Request.
  Time since last request: 15.009003 seconds.
  path: Assets/Classic Skybox/03/sky3_BK.jpg
  artifactKey: Guid(c650f3789afdaef4c85d6486bcab8768) Importer(815301076,1909f56bfc062723c751e8b465ee728b)
Start importing Assets/Classic Skybox/03/sky3_BK.jpg using Guid(c650f3789afdaef4c85d6486bcab8768) Importer(815301076,1909f56bfc062723c751e8b465ee728b)  -> (artifact id: '50e1d0e13791ca6494b47eff5aabb97d') in 0.017423 seconds
  Import took 0.022444 seconds .

========================================================================
Received Import Request.
  Time since last request: 0.000278 seconds.
  path: Assets/Classic Skybox/03/sky3_UP.jpg
  artifactKey: Guid(41154d751e1646647aaa5d480d97fd44) Importer(815301076,1909f56bfc062723c751e8b465ee728b)
Start importing Assets/Classic Skybox/03/sky3_UP.jpg using Guid(41154d751e1646647aaa5d480d97fd44) Importer(815301076,1909f56bfc062723c751e8b465ee728b)  -> (artifact id: 'da5987f4e41aebedff0e16c2f2714197') in 0.021316 seconds
  Import took 0.029254 seconds .

========================================================================
Received Import Request.
  Time since last request: 0.000294 seconds.
  path: Assets/Classic Skybox/03/sky3_RT.jpg
  artifactKey: Guid(edf9151f7cd4a7949ac5c475d28cdabd) Importer(815301076,1909f56bfc062723c751e8b465ee728b)
Start importing Assets/Classic Skybox/03/sky3_RT.jpg using Guid(edf9151f7cd4a7949ac5c475d28cdabd) Importer(815301076,1909f56bfc062723c751e8b465ee728b)  -> (artifact id: '1f863cb8f0465ce86e7cab781519a944') in 0.019821 seconds
  Import took 0.025888 seconds .

========================================================================
Received Import Request.
  Time since last request: 0.000284 seconds.
  path: Assets/Classic Skybox/03/sky3_FR.jpg
  artifactKey: Guid(3a35fdc928dbb19468c5ef4652813afb) Importer(815301076,1909f56bfc062723c751e8b465ee728b)
Start importing Assets/Classic Skybox/03/sky3_FR.jpg using Guid(3a35fdc928dbb19468c5ef4652813afb) Importer(815301076,1909f56bfc062723c751e8b465ee728b)  -> (artifact id: '26f20e8972b7eba67756dcb56053b420') in 0.021502 seconds
  Import took 0.029833 seconds .

========================================================================
Received Import Request.
  Time since last request: 0.000227 seconds.
  path: Assets/Classic Skybox/03/sky3_DN.jpg
  artifactKey: Guid(67cfb64e54871e54fb077b76a7a3fb34) Importer(815301076,1909f56bfc062723c751e8b465ee728b)
Start importing Assets/Classic Skybox/03/sky3_DN.jpg using Guid(67cfb64e54871e54fb077b76a7a3fb34) Importer(815301076,1909f56bfc062723c751e8b465ee728b)  -> (artifact id: 'b9b75c900b1d93c47dabfa2687116819') in 0.021461 seconds
  Import took 0.026388 seconds .

========================================================================
Received Import Request.
  Time since last request: 0.000063 seconds.
  path: Assets/Classic Skybox/03/sky3_LF.jpg
  artifactKey: Guid(d3139b8fb0c6e3940891e1e11fd88dd2) Importer(815301076,1909f56bfc062723c751e8b465ee728b)
Start importing Assets/Classic Skybox/03/sky3_LF.jpg using Guid(d3139b8fb0c6e3940891e1e11fd88dd2) Importer(815301076,1909f56bfc062723c751e8b465ee728b)  -> (artifact id: '3c3660d0289fd515d5b5357192703f3c') in 0.022614 seconds
  Import took 0.037189 seconds .

========================================================================
Received Import Request.
  Time since last request: 167.847115 seconds.
  path: Assets/Classic Skybox/05/sky5_BK.jpg
  artifactKey: Guid(5297a2d25f6203e47805b825b01a1c20) Importer(815301076,1909f56bfc062723c751e8b465ee728b)
Start importing Assets/Classic Skybox/05/sky5_BK.jpg using Guid(5297a2d25f6203e47805b825b01a1c20) Importer(815301076,1909f56bfc062723c751e8b465ee728b)  -> (artifact id: 'cd386c743b492deab186dd5e4ea11c00') in 0.018277 seconds
  Import took 0.024203 seconds .

========================================================================
Received Import Request.
  Time since last request: 0.000305 seconds.
  path: Assets/Classic Skybox/05/sky5_DN.jpg
  artifactKey: Guid(47c2b1a88ccc18e4d8117e4d1f00220e) Importer(815301076,1909f56bfc062723c751e8b465ee728b)
Start importing Assets/Classic Skybox/05/sky5_DN.jpg using Guid(47c2b1a88ccc18e4d8117e4d1f00220e) Importer(815301076,1909f56bfc062723c751e8b465ee728b)  -> (artifact id: '9990edabf3ff522ae03d9ebb830d9a10') in 0.021008 seconds
  Import took 0.028157 seconds .

========================================================================
Received Import Request.
  Time since last request: 0.000284 seconds.
  path: Assets/Classic Skybox/05/sky5_FR.jpg
  artifactKey: Guid(3178078491426844ba9d478a96294889) Importer(815301076,1909f56bfc062723c751e8b465ee728b)
Start importing Assets/Classic Skybox/05/sky5_FR.jpg using Guid(3178078491426844ba9d478a96294889) Importer(815301076,1909f56bfc062723c751e8b465ee728b)  -> (artifact id: '5826a6cede9508721732192d7ed43809') in 0.025110 seconds
  Import took 0.044645 seconds .

========================================================================
Received Import Request.
  Time since last request: 0.000312 seconds.
  path: Assets/Classic Skybox/05/sky5_RT.jpg
  artifactKey: Guid(9979536c72dc9d748ac6814a93d055ec) Importer(815301076,1909f56bfc062723c751e8b465ee728b)
Start importing Assets/Classic Skybox/05/sky5_RT.jpg using Guid(9979536c72dc9d748ac6814a93d055ec) Importer(815301076,1909f56bfc062723c751e8b465ee728b)  -> (artifact id: '495a7904645d268416c75aa1367f1bb1') in 0.035509 seconds
  Import took 0.040008 seconds .

========================================================================
Received Import Request.
  Time since last request: 0.000182 seconds.
  path: Assets/Classic Skybox/05/sky5_LF.jpg
  artifactKey: Guid(432b5b520d50f874e92b6a88bdbcca27) Importer(815301076,1909f56bfc062723c751e8b465ee728b)
Start importing Assets/Classic Skybox/05/sky5_LF.jpg using Guid(432b5b520d50f874e92b6a88bdbcca27) Importer(815301076,1909f56bfc062723c751e8b465ee728b)  -> (artifact id: 'e9d1cd04201fca208699c4a5bc207f05') in 0.020881 seconds
  Import took 0.026599 seconds .

========================================================================
Received Import Request.
  Time since last request: 0.000182 seconds.
  path: Assets/Classic Skybox/05/sky5_UP.jpg
  artifactKey: Guid(f78f0fc46a475ef43b2ab727f16589e1) Importer(815301076,1909f56bfc062723c751e8b465ee728b)
Start importing Assets/Classic Skybox/05/sky5_UP.jpg using Guid(f78f0fc46a475ef43b2ab727f16589e1) Importer(815301076,1909f56bfc062723c751e8b465ee728b)  -> (artifact id: '962602fc9346cc5133b734ca1f8bc57e') in 0.031689 seconds
  Import took 0.038695 seconds .

========================================================================
Received Import Request.
  Time since last request: 0.005889 seconds.
  path: Assets/Classic Skybox/05/sky5_UP.jpg
  artifactKey: Guid(f78f0fc46a475ef43b2ab727f16589e1) Importer(815301076,1909f56bfc062723c751e8b465ee728b)
Start importing Assets/Classic Skybox/05/sky5_UP.jpg using Guid(f78f0fc46a475ef43b2ab727f16589e1) Importer(815301076,1909f56bfc062723c751e8b465ee728b)  -> (artifact id: '962602fc9346cc5133b734ca1f8bc57e') in 0.020173 seconds
  Import took 0.026030 seconds .

========================================================================
Received Import Request.
  Time since last request: 0.979679 seconds.
  path: Assets/Classic Skybox/07/sky7_BK.jpg
  artifactKey: Guid(9c50eea2e27ca264d9eebc362ea1c437) Importer(815301076,1909f56bfc062723c751e8b465ee728b)
Start importing Assets/Classic Skybox/07/sky7_BK.jpg using Guid(9c50eea2e27ca264d9eebc362ea1c437) Importer(815301076,1909f56bfc062723c751e8b465ee728b)  -> (artifact id: 'f16ad4cbdb1ed8aff87cb3887971cf98') in 0.018670 seconds
  Import took 0.024479 seconds .

========================================================================
Received Import Request.
  Time since last request: 0.000278 seconds.
  path: Assets/Classic Skybox/07/sky7_RT.jpg
  artifactKey: Guid(9543965286a7d3e4ea9c8a1abfeb8b55) Importer(815301076,1909f56bfc062723c751e8b465ee728b)
Start importing Assets/Classic Skybox/07/sky7_RT.jpg using Guid(9543965286a7d3e4ea9c8a1abfeb8b55) Importer(815301076,1909f56bfc062723c751e8b465ee728b)  -> (artifact id: 'c694604e3e242132c2ca517642d00755') in 0.029499 seconds
  Import took 0.034327 seconds .

========================================================================
Received Import Request.
  Time since last request: 0.000286 seconds.
  path: Assets/Classic Skybox/07/sky7_DN.jpg
  artifactKey: Guid(e490c0eb02f709349bacfbabf7347fd9) Importer(815301076,1909f56bfc062723c751e8b465ee728b)
Start importing Assets/Classic Skybox/07/sky7_DN.jpg using Guid(e490c0eb02f709349bacfbabf7347fd9) Importer(815301076,1909f56bfc062723c751e8b465ee728b)  -> (artifact id: '337d3e46685c9a10acd680eb42fae757') in 0.024164 seconds
  Import took 0.029545 seconds .

========================================================================
Received Import Request.
  Time since last request: 0.000457 seconds.
  path: Assets/Classic Skybox/07/sky7_FR.jpg
  artifactKey: Guid(de5a6099049c5cf40b700217dac6ea49) Importer(815301076,1909f56bfc062723c751e8b465ee728b)
Start importing Assets/Classic Skybox/07/sky7_FR.jpg using Guid(de5a6099049c5cf40b700217dac6ea49) Importer(815301076,1909f56bfc062723c751e8b465ee728b)  -> (artifact id: 'a28731b34c8ec9dcbc321b43d2af0ced') in 0.023511 seconds
  Import took 0.038867 seconds .

========================================================================
Received Import Request.
  Time since last request: 0.000255 seconds.
  path: Assets/Classic Skybox/07/sky7_UP.jpg
  artifactKey: Guid(4811c98ef312f914896457af26e85471) Importer(815301076,1909f56bfc062723c751e8b465ee728b)
Start importing Assets/Classic Skybox/07/sky7_UP.jpg using Guid(4811c98ef312f914896457af26e85471) Importer(815301076,1909f56bfc062723c751e8b465ee728b)  -> (artifact id: 'c708a44d25e6079b61d6047ad42a4e1e') in 0.024831 seconds
  Import took 0.033322 seconds .

========================================================================
Received Import Request.
  Time since last request: 0.000206 seconds.
  path: Assets/Classic Skybox/07/sky7_LF.jpg
  artifactKey: Guid(50045828000b016489c63a346c778793) Importer(815301076,1909f56bfc062723c751e8b465ee728b)
Start importing Assets/Classic Skybox/07/sky7_LF.jpg using Guid(50045828000b016489c63a346c778793) Importer(815301076,1909f56bfc062723c751e8b465ee728b)  -> (artifact id: 'a5423fa520f566f872a3cedaebf8300a') in 0.024960 seconds
  Import took 0.030876 seconds .

========================================================================
Received Import Request.
  Time since last request: 26.852561 seconds.
  path: Assets/ExampleAssets/Materials/Stud_Mat.mat
  artifactKey: Guid(027cb3d3d7dc79d41ad763e01759de07) Importer(815301076,1909f56bfc062723c751e8b465ee728b)
Start importing Assets/ExampleAssets/Materials/Stud_Mat.mat using Guid(027cb3d3d7dc79d41ad763e01759de07) Importer(815301076,1909f56bfc062723c751e8b465ee728b)  -> (artifact id: '2fa2aecd2a25a8d8aaf6cdad1b5a242e') in 0.598777 seconds
  Import took 0.629949 seconds .

========================================================================
Received Import Request.
  Time since last request: 0.000670 seconds.
  path: Assets/ExampleAssets/Materials/Strap_Mat.mat
  artifactKey: Guid(81c1860e7800e5340bf8a54c565ba9ea) Importer(815301076,1909f56bfc062723c751e8b465ee728b)
Start importing Assets/ExampleAssets/Materials/Strap_Mat.mat using Guid(81c1860e7800e5340bf8a54c565ba9ea) Importer(815301076,1909f56bfc062723c751e8b465ee728b)  -> (artifact id: 'a542234631127ea0c107d7d268657760') in 0.099082 seconds
  Import took 0.106883 seconds .

========================================================================
Received Import Request.
  Time since last request: 0.000336 seconds.
  path: Packages/com.unity.render-pipelines.universal/Runtime/Materials/TerrainLit.mat
  artifactKey: Guid(594ea882c5a793440b60ff72d896021e) Importer(815301076,1909f56bfc062723c751e8b465ee728b)
Start importing Packages/com.unity.render-pipelines.universal/Runtime/Materials/TerrainLit.mat using Guid(594ea882c5a793440b60ff72d896021e) Importer(815301076,1909f56bfc062723c751e8b465ee728b)  -> (artifact id: 'db9aec0391899b041fa150a21f0d5646') in 0.700429 seconds
  Import took 0.728511 seconds .

========================================================================
Received Import Request.
  Time since last request: 0.000286 seconds.
  path: Packages/com.unity.render-pipelines.universal/Runtime/Materials/Sprite-Unlit-Default.mat
  artifactKey: Guid(9dfc825aed78fcd4ba02077103263b40) Importer(815301076,1909f56bfc062723c751e8b465ee728b)
Start importing Packages/com.unity.render-pipelines.universal/Runtime/Materials/Sprite-Unlit-Default.mat using Guid(9dfc825aed78fcd4ba02077103263b40) Importer(815301076,1909f56bfc062723c751e8b465ee728b)  -> (artifact id: '3dc837b22dad5c9afcddefa703e0bc63') in 0.074826 seconds
  Import took 0.079951 seconds .

========================================================================
Received Import Request.
  Time since last request: 0.009551 seconds.
  path: Packages/com.unity.render-pipelines.universal/Runtime/Materials/Sprite-Lit-Default.mat
  artifactKey: Guid(a97c105638bdf8b4a8650670310a4cd3) Importer(815301076,1909f56bfc062723c751e8b465ee728b)
Start importing Packages/com.unity.render-pipelines.universal/Runtime/Materials/Sprite-Lit-Default.mat using Guid(a97c105638bdf8b4a8650670310a4cd3) Importer(815301076,1909f56bfc062723c751e8b465ee728b)  -> (artifact id: 'cbf71d48645b4137c3fdde14caf1f63f') in 0.047988 seconds
  Import took 0.053385 seconds .

========================================================================
Received Import Request.
  Time since last request: 0.000180 seconds.
  path: Assets/Classic Skybox/sky13.mat
  artifactKey: Guid(43c0ad03dcb6b2a469387975f5050350) Importer(815301076,1909f56bfc062723c751e8b465ee728b)
Start importing Assets/Classic Skybox/sky13.mat using Guid(43c0ad03dcb6b2a469387975f5050350) Importer(815301076,1909f56bfc062723c751e8b465ee728b)  -> (artifact id: 'fd0a2a18df74efa802e6cdd2025d466c') in 0.238639 seconds
  Import took 0.244200 seconds .

========================================================================
Received Import Request.
  Time since last request: 0.000184 seconds.
  path: Assets/Classic Skybox/sky01.mat
  artifactKey: Guid(8185c62f5ccafe247bd3d1a04315857d) Importer(815301076,1909f56bfc062723c751e8b465ee728b)
Start importing Assets/Classic Skybox/sky01.mat using Guid(8185c62f5ccafe247bd3d1a04315857d) Importer(815301076,1909f56bfc062723c751e8b465ee728b)  -> (artifact id: '3d017471094b61d55107098f034b3abc') in 0.043832 seconds
  Import took 0.049845 seconds .

========================================================================
Received Import Request.
  Time since last request: 0.000191 seconds.
  path: Assets/Classic Skybox/sky02.mat
  artifactKey: Guid(1407c2790b7870b42a0df8ac84066e0c) Importer(815301076,1909f56bfc062723c751e8b465ee728b)
Start importing Assets/Classic Skybox/sky02.mat using Guid(1407c2790b7870b42a0df8ac84066e0c) Importer(815301076,1909f56bfc062723c751e8b465ee728b)  -> (artifact id: 'cc196a8e51df9dc4e5c7748f35228645') in 0.037929 seconds
  Import took 0.043932 seconds .

========================================================================
Received Import Request.
  Time since last request: 0.000179 seconds.
  path: Assets/ExampleAssets/Models/safetygoggles_low.fbx
  artifactKey: Guid(6296e48663fd7ad46b1a2af507f871cf) Importer(815301076,1909f56bfc062723c751e8b465ee728b)
Start importing Assets/ExampleAssets/Models/safetygoggles_low.fbx using Guid(6296e48663fd7ad46b1a2af507f871cf) Importer(815301076,1909f56bfc062723c751e8b465ee728b)  -> (artifact id: '4ae8946a3f99a923f7803907a8c27ead') in 0.448900 seconds
  Import took 0.453330 seconds .

========================================================================
Received Import Request.
  Time since last request: 0.000232 seconds.
  path: Assets/ExampleAssets/Materials/Plastic_Rough_Mat.mat
  artifactKey: Guid(a5aaee4111611af43b5abbff184fe5fa) Importer(815301076,1909f56bfc062723c751e8b465ee728b)
Start importing Assets/ExampleAssets/Materials/Plastic_Rough_Mat.mat using Guid(a5aaee4111611af43b5abbff184fe5fa) Importer(815301076,1909f56bfc062723c751e8b465ee728b)  -> (artifact id: 'fe4d08b544b44bbbf01fdafd95ff430a') in 0.084959 seconds
  Import took 0.089509 seconds .

========================================================================
Received Import Request.
  Time since last request: 0.000299 seconds.
  path: Assets/Classic Skybox/sky03.mat
  artifactKey: Guid(d4cd6577352fd4946994aa7e3e3609e4) Importer(815301076,1909f56bfc062723c751e8b465ee728b)
Start importing Assets/Classic Skybox/sky03.mat using Guid(d4cd6577352fd4946994aa7e3e3609e4) Importer(815301076,1909f56bfc062723c751e8b465ee728b)  -> (artifact id: '8f001bd8ef4505ea0719915d67748162') in 0.041825 seconds
  Import took 0.048462 seconds .

========================================================================
Received Import Request.
  Time since last request: 0.000224 seconds.
  path: Assets/Classic Skybox/sky07.mat
  artifactKey: Guid(29d2bb922f79ece4c90867d92e25976e) Importer(815301076,1909f56bfc062723c751e8b465ee728b)
Start importing Assets/Classic Skybox/sky07.mat using Guid(29d2bb922f79ece4c90867d92e25976e) Importer(815301076,1909f56bfc062723c751e8b465ee728b)  -> (artifact id: '5513eb3119d5291f830ec10d91eea6b9') in 0.037031 seconds
  Import took 0.056729 seconds .

========================================================================
Received Import Request.
  Time since last request: 0.000350 seconds.
  path: Assets/Classic Skybox/sky04.mat
  artifactKey: Guid(b028ca26d06b2ef4fa1a51cd55473aa3) Importer(815301076,1909f56bfc062723c751e8b465ee728b)
Start importing Assets/Classic Skybox/sky04.mat using Guid(b028ca26d06b2ef4fa1a51cd55473aa3) Importer(815301076,1909f56bfc062723c751e8b465ee728b)  -> (artifact id: '196146055b44e9e6f0a5acfac1a2355e') in 0.035728 seconds
  Import took 0.041605 seconds .

========================================================================
Received Import Request.
  Time since last request: 0.000200 seconds.
  path: Assets/ExampleAssets/Models/magneticlevel_low.fbx
  artifactKey: Guid(bae110eee250e4b418b188f4ae4e3170) Importer(815301076,1909f56bfc062723c751e8b465ee728b)
Start importing Assets/ExampleAssets/Models/magneticlevel_low.fbx using Guid(bae110eee250e4b418b188f4ae4e3170) Importer(815301076,1909f56bfc062723c751e8b465ee728b)  -> (artifact id: 'b7daa638a4f61892d85b4e50fee1e849') in 0.050992 seconds
  Import took 0.056136 seconds .

========================================================================
Received Import Request.
  Time since last request: 0.000229 seconds.
  path: Assets/Classic Skybox/sky11.mat
  artifactKey: Guid(3cb99744b6248e54b8c0b0fb36aabbc7) Importer(815301076,1909f56bfc062723c751e8b465ee728b)
Start importing Assets/Classic Skybox/sky11.mat using Guid(3cb99744b6248e54b8c0b0fb36aabbc7) Importer(815301076,1909f56bfc062723c751e8b465ee728b)  -> (artifact id: '368b7371395c6708e0d66609d611cf0f') in 0.035753 seconds
  Import took 0.041577 seconds .

========================================================================
Received Import Request.
  Time since last request: 0.000210 seconds.
  path: Assets/ExampleAssets/Materials/Plastic_Transparent.mat
  artifactKey: Guid(8a38b7350df9a9c438e568993a00e5c5) Importer(815301076,1909f56bfc062723c751e8b465ee728b)
Start importing Assets/ExampleAssets/Materials/Plastic_Transparent.mat using Guid(8a38b7350df9a9c438e568993a00e5c5) Importer(815301076,1909f56bfc062723c751e8b465ee728b)  -> (artifact id: 'aa88e47cc5ed2495feca365ac46df73c') in 0.047898 seconds
  Import took 0.053314 seconds .

========================================================================
Received Import Request.
  Time since last request: 0.000173 seconds.
  path: Assets/Classic Skybox/sky05.mat
  artifactKey: Guid(3777c2609a2482a48a60ef07326b3646) Importer(815301076,1909f56bfc062723c751e8b465ee728b)
Start importing Assets/Classic Skybox/sky05.mat using Guid(3777c2609a2482a48a60ef07326b3646) Importer(815301076,1909f56bfc062723c751e8b465ee728b)  -> (artifact id: '912c783179faf5cf1d744b8af70dfe45') in 0.037445 seconds
  Import took 0.042719 seconds .

========================================================================
Received Import Request.
  Time since last request: 0.000219 seconds.
  path: Assets/ExampleAssets/Materials/Plastic_Yellow_Mat.mat
  artifactKey: Guid(bd2d742ee2ce7a740ae0cf992a38be74) Importer(815301076,1909f56bfc062723c751e8b465ee728b)
Start importing Assets/ExampleAssets/Materials/Plastic_Yellow_Mat.mat using Guid(bd2d742ee2ce7a740ae0cf992a38be74) Importer(815301076,1909f56bfc062723c751e8b465ee728b)  -> (artifact id: 'b4a82a5da02497828fc2c902b30e60d5') in 0.382303 seconds
  Import took 0.388552 seconds .

========================================================================
Received Import Request.
  Time since last request: 0.000255 seconds.
  path: Assets/ExampleAssets/Models/paintbucket_low.fbx
  artifactKey: Guid(b451a052397f03c4f8a04d915d1c0492) Importer(815301076,1909f56bfc062723c751e8b465ee728b)
Start importing Assets/ExampleAssets/Models/paintbucket_low.fbx using Guid(b451a052397f03c4f8a04d915d1c0492) Importer(815301076,1909f56bfc062723c751e8b465ee728b)  -> (artifact id: '3fb120b6ed1c9690f3c18633a9ae2dd0') in 0.119290 seconds
  Import took 0.152300 seconds .

========================================================================
Received Import Request.
  Time since last request: 0.000238 seconds.
  path: Assets/ExampleAssets/Materials/Metal_Simple_Mat.mat
  artifactKey: Guid(a0427cf339e5891468d5f2b433b2d44a) Importer(815301076,1909f56bfc062723c751e8b465ee728b)
Start importing Assets/ExampleAssets/Materials/Metal_Simple_Mat.mat using Guid(a0427cf339e5891468d5f2b433b2d44a) Importer(815301076,1909f56bfc062723c751e8b465ee728b)  -> (artifact id: 'ed8fef95f5cf1ab691e96a9fc0590164') in 0.494791 seconds
  Import took 0.499780 seconds .

========================================================================
Received Import Request.
  Time since last request: 0.000234 seconds.
  path: Assets/ExampleAssets/Models/brush_low.fbx
  artifactKey: Guid(aed8c47425ab91f4eb06ce6fe47c3e4e) Importer(815301076,1909f56bfc062723c751e8b465ee728b)
Start importing Assets/ExampleAssets/Models/brush_low.fbx using Guid(aed8c47425ab91f4eb06ce6fe47c3e4e) Importer(815301076,1909f56bfc062723c751e8b465ee728b)  -> (artifact id: '3e9112836ff5ae65005d884998ee7751') in 0.092292 seconds
  Import took 0.096641 seconds .

========================================================================
Received Import Request.
  Time since last request: 0.000294 seconds.
  path: Packages/com.unity.render-pipelines.universal/Runtime/Materials/SimpleLit.mat
  artifactKey: Guid(6a1143ee683302f4aa628c052723efc1) Importer(815301076,1909f56bfc062723c751e8b465ee728b)
Start importing Packages/com.unity.render-pipelines.universal/Runtime/Materials/SimpleLit.mat using Guid(6a1143ee683302f4aa628c052723efc1) Importer(815301076,1909f56bfc062723c751e8b465ee728b)  -> (artifact id: '4193ea014fb52272aa79e827f0b902d4') in 0.728356 seconds
  Import took 0.733014 seconds .

========================================================================
Received Import Request.
  Time since last request: 0.000229 seconds.
  path: Assets/ExampleAssets/Models/Workshop_Set.fbx
  artifactKey: Guid(47616bd0cda748d4cbedcfc908506b9d) Importer(815301076,1909f56bfc062723c751e8b465ee728b)
Start importing Assets/ExampleAssets/Models/Workshop_Set.fbx using Guid(47616bd0cda748d4cbedcfc908506b9d) Importer(815301076,1909f56bfc062723c751e8b465ee728b)  -> (artifact id: 'e07793a4d2b03e0e09167bfceb24a94b') in 0.118594 seconds
  Import took 0.138069 seconds .

========================================================================
Received Import Request.
  Time since last request: 0.000270 seconds.
  path: Assets/Classic Skybox/sky06.mat
  artifactKey: Guid(3c2476664a0b2ea4fb81a981d970a973) Importer(815301076,1909f56bfc062723c751e8b465ee728b)
Start importing Assets/Classic Skybox/sky06.mat using Guid(3c2476664a0b2ea4fb81a981d970a973) Importer(815301076,1909f56bfc062723c751e8b465ee728b)  -> (artifact id: 'a14fc5b7371252385f461cf54de9dce0') in 0.044117 seconds
  Import took 0.057825 seconds .

========================================================================
Received Import Request.
  Time since last request: 0.000236 seconds.
  path: Assets/ExampleAssets/Materials/Plastic_Gray_Mat.mat
  artifactKey: Guid(4dad30bbe2213eb4d8312f7bb6190866) Importer(815301076,1909f56bfc062723c751e8b465ee728b)
Start importing Assets/ExampleAssets/Materials/Plastic_Gray_Mat.mat using Guid(4dad30bbe2213eb4d8312f7bb6190866) Importer(815301076,1909f56bfc062723c751e8b465ee728b)  -> (artifact id: '54ab71af590679b32677dc30ed226a51') in 0.034654 seconds
  Import took 0.048386 seconds .

========================================================================
Received Import Request.
  Time since last request: 0.000183 seconds.
  path: Assets/ExampleAssets/Materials/PaintLabel_Mat.mat
  artifactKey: Guid(3da4aad06945bbf4baf801c2aacbc01e) Importer(815301076,1909f56bfc062723c751e8b465ee728b)
Start importing Assets/ExampleAssets/Materials/PaintLabel_Mat.mat using Guid(3da4aad06945bbf4baf801c2aacbc01e) Importer(815301076,1909f56bfc062723c751e8b465ee728b)  -> (artifact id: '8c36a7279f016c98e6c23d7bc391d33c') in 0.380585 seconds
  Import took 0.388117 seconds .

========================================================================
Received Import Request.
  Time since last request: 0.000295 seconds.
  path: Assets/Classic Skybox/sky10.mat
  artifactKey: Guid(096be19f838addd45821efc82508c187) Importer(815301076,1909f56bfc062723c751e8b465ee728b)
Start importing Assets/Classic Skybox/sky10.mat using Guid(096be19f838addd45821efc82508c187) Importer(815301076,1909f56bfc062723c751e8b465ee728b)  -> (artifact id: 'aa245db1d018362024d962786815677d') in 0.045267 seconds
  Import took 0.050681 seconds .

========================================================================
Received Import Request.
  Time since last request: 0.000288 seconds.
  path: Assets/ExampleAssets/Materials/Plastic_Ridges_Mat.mat
  artifactKey: Guid(c05de7c865075334786e6a47a543af72) Importer(815301076,1909f56bfc062723c751e8b465ee728b)
Start importing Assets/ExampleAssets/Materials/Plastic_Ridges_Mat.mat using Guid(c05de7c865075334786e6a47a543af72) Importer(815301076,1909f56bfc062723c751e8b465ee728b)  -> (artifact id: '867bca899d157f77d37634eafef9f1aa') in 0.066755 seconds
  Import took 0.073768 seconds .

========================================================================
Received Import Request.
  Time since last request: 0.000299 seconds.
  path: Assets/Classic Skybox/sky08.mat
  artifactKey: Guid(eca3c00ef1cc6ce45bfade23ebc4ab1e) Importer(815301076,1909f56bfc062723c751e8b465ee728b)
Start importing Assets/Classic Skybox/sky08.mat using Guid(eca3c00ef1cc6ce45bfade23ebc4ab1e) Importer(815301076,1909f56bfc062723c751e8b465ee728b)  -> (artifact id: '207d9495644ce8981bf2b9c330222e50') in 0.045873 seconds
  Import took 0.050877 seconds .

========================================================================
Received Import Request.
  Time since last request: 0.000178 seconds.
  path: Assets/ExampleAssets/Materials/Metal_Blue_Simple_Mat.mat
  artifactKey: Guid(cd71291c91c8cce499cb663b5db9970e) Importer(815301076,1909f56bfc062723c751e8b465ee728b)
Start importing Assets/ExampleAssets/Materials/Metal_Blue_Simple_Mat.mat using Guid(cd71291c91c8cce499cb663b5db9970e) Importer(815301076,1909f56bfc062723c751e8b465ee728b)  -> (artifact id: '91d0adbd293f6d73553ee1adc198f712') in 0.038767 seconds
  Import took 0.043614 seconds .

========================================================================
Received Import Request.
  Time since last request: 0.000340 seconds.
  path: Assets/ExampleAssets/Models/safetyhat_low.fbx
  artifactKey: Guid(9d0d902f71acfe646a46cb625f815a49) Importer(815301076,1909f56bfc062723c751e8b465ee728b)
Start importing Assets/ExampleAssets/Models/safetyhat_low.fbx using Guid(9d0d902f71acfe646a46cb625f815a49) Importer(815301076,1909f56bfc062723c751e8b465ee728b)  -> (artifact id: '5935c6193b6a59e066fce2003b46692c') in 0.091628 seconds
  Import took 0.105019 seconds .

========================================================================
Received Import Request.
  Time since last request: 0.000241 seconds.
  path: Assets/ExampleAssets/Models/Stud.fbx
  artifactKey: Guid(34624edaccd9d704a95ed404d919b492) Importer(815301076,1909f56bfc062723c751e8b465ee728b)
Start importing Assets/ExampleAssets/Models/Stud.fbx using Guid(34624edaccd9d704a95ed404d919b492) Importer(815301076,1909f56bfc062723c751e8b465ee728b)  -> (artifact id: 'fb17f227481600cbf7b05869a1581d00') in 0.045330 seconds
  Import took 0.049688 seconds .

========================================================================
Received Import Request.
  Time since last request: 0.000178 seconds.
  path: Packages/com.unity.render-pipelines.universal/Runtime/Materials/ParticlesUnlit.mat
  artifactKey: Guid(e823cd5b5d27c0f4b8256e7c12ee3e6d) Importer(815301076,1909f56bfc062723c751e8b465ee728b)
Start importing Packages/com.unity.render-pipelines.universal/Runtime/Materials/ParticlesUnlit.mat using Guid(e823cd5b5d27c0f4b8256e7c12ee3e6d) Importer(815301076,1909f56bfc062723c751e8b465ee728b)  -> (artifact id: 'a6d3bac30e0c3da08768836858914317') in 0.048395 seconds
  Import took 0.062269 seconds .

========================================================================
Received Import Request.
  Time since last request: 0.000193 seconds.
  path: Assets/Classic Skybox/sky14.mat
  artifactKey: Guid(9aa4b22013dfe644fb71d395e6ffb330) Importer(815301076,1909f56bfc062723c751e8b465ee728b)
Start importing Assets/Classic Skybox/sky14.mat using Guid(9aa4b22013dfe644fb71d395e6ffb330) Importer(815301076,1909f56bfc062723c751e8b465ee728b)  -> (artifact id: 'c8a23dcbad4dba9350431b685354d4c4') in 0.036317 seconds
  Import took 0.050808 seconds .

========================================================================
Received Import Request.
  Time since last request: 0.000223 seconds.
  path: Assets/ExampleAssets/Models/Workbench.fbx
  artifactKey: Guid(efe9381559c516743bd05cef82f39ebb) Importer(815301076,1909f56bfc062723c751e8b465ee728b)
Start importing Assets/ExampleAssets/Models/Workbench.fbx using Guid(efe9381559c516743bd05cef82f39ebb) Importer(815301076,1909f56bfc062723c751e8b465ee728b)  -> (artifact id: '9763579b58169ef327fd8d483de42484') in 0.114070 seconds
  Import took 0.118877 seconds .

========================================================================
Received Import Request.
  Time since last request: 0.000170 seconds.
  path: Assets/Materials/SHADER4.mat
  artifactKey: Guid(e101937ac4120e2408f8426c6deeab5b) Importer(815301076,1909f56bfc062723c751e8b465ee728b)
Start importing Assets/Materials/SHADER4.mat using Guid(e101937ac4120e2408f8426c6deeab5b) Importer(815301076,1909f56bfc062723c751e8b465ee728b)  -> (artifact id: '9a87bf078b36dbe1b345224bb5c5c5d8') in 0.026035 seconds
  Import took 0.030535 seconds .

========================================================================
Received Import Request.
  Time since last request: 0.000204 seconds.
  path: Assets/ExampleAssets/Materials/Plastic_Black_Mat.mat
  artifactKey: Guid(e745492728544aa488aa0429b6068e71) Importer(815301076,1909f56bfc062723c751e8b465ee728b)
Start importing Assets/ExampleAssets/Materials/Plastic_Black_Mat.mat using Guid(e745492728544aa488aa0429b6068e71) Importer(815301076,1909f56bfc062723c751e8b465ee728b)  -> (artifact id: '9ec41258e50d7b0724bce6a1b02e69ab') in 0.032053 seconds
  Import took 0.037963 seconds .

========================================================================
Received Import Request.
  Time since last request: 0.000179 seconds.
  path: Assets/ExampleAssets/Materials/Plastic_White_Mat.mat
  artifactKey: Guid(6cfe423139c361a459da7ed9831d4b1c) Importer(815301076,1909f56bfc062723c751e8b465ee728b)
Start importing Assets/ExampleAssets/Materials/Plastic_White_Mat.mat using Guid(6cfe423139c361a459da7ed9831d4b1c) Importer(815301076,1909f56bfc062723c751e8b465ee728b)  -> (artifact id: '7270cf5fe7035eb4043b23a71cdca86e') in 0.030483 seconds
  Import took 0.035623 seconds .

========================================================================
Received Import Request.
  Time since last request: 0.000244 seconds.
  path: Assets/Classic Skybox/sky12.mat
  artifactKey: Guid(67a9a41a1795d5f43b0596c1e2094a0b) Importer(815301076,1909f56bfc062723c751e8b465ee728b)
Start importing Assets/Classic Skybox/sky12.mat using Guid(67a9a41a1795d5f43b0596c1e2094a0b) Importer(815301076,1909f56bfc062723c751e8b465ee728b)  -> (artifact id: '0793514bf7ba2f0a9b95a04ed8ed6216') in 0.041120 seconds
  Import took 0.047086 seconds .

========================================================================
Received Import Request.
  Time since last request: 0.000199 seconds.
  path: Assets/ExampleAssets/Materials/Paint1G_WAnim_Material.mat
  artifactKey: Guid(55c183dc45153be48a45c4e530127fb3) Importer(815301076,1909f56bfc062723c751e8b465ee728b)
Start importing Assets/ExampleAssets/Materials/Paint1G_WAnim_Material.mat using Guid(55c183dc45153be48a45c4e530127fb3) Importer(815301076,1909f56bfc062723c751e8b465ee728b)  -> (artifact id: '7b31a38aa84ec72b691f75649480a6fe') in 0.835824 seconds
  Import took 0.840217 seconds .

========================================================================
Received Import Request.
  Time since last request: 0.000234 seconds.
  path: Assets/ExampleAssets/Models/Workbench_Low.fbx
  artifactKey: Guid(ff6dc36862fe41641bb21568d92147c9) Importer(815301076,1909f56bfc062723c751e8b465ee728b)
Start importing Assets/ExampleAssets/Models/Workbench_Low.fbx using Guid(ff6dc36862fe41641bb21568d92147c9) Importer(815301076,1909f56bfc062723c751e8b465ee728b)  -> (artifact id: '5f99d08570cdde3afaf55ae1a8262d9b') in 0.131763 seconds
  Import took 0.137011 seconds .

========================================================================
Received Import Request.
  Time since last request: 0.000208 seconds.
  path: Assets/ExampleAssets/Materials/PaintBrush_Mat.mat
  artifactKey: Guid(539165557a9d3744680bb21164bea45e) Importer(815301076,1909f56bfc062723c751e8b465ee728b)
Start importing Assets/ExampleAssets/Materials/PaintBrush_Mat.mat using Guid(539165557a9d3744680bb21164bea45e) Importer(815301076,1909f56bfc062723c751e8b465ee728b)  -> (artifact id: '94f8432233d9ceec849c9f270325d606') in 0.078343 seconds
  Import took 0.092878 seconds .

========================================================================
Received Import Request.
  Time since last request: 0.000269 seconds.
  path: Assets/ExampleAssets/Materials/OBS_Mat.mat
  artifactKey: Guid(c438e5c679f1be040a135443008e2fce) Importer(815301076,1909f56bfc062723c751e8b465ee728b)
Start importing Assets/ExampleAssets/Materials/OBS_Mat.mat using Guid(c438e5c679f1be040a135443008e2fce) Importer(815301076,1909f56bfc062723c751e8b465ee728b)  -> (artifact id: 'efd04199af43445cb2cc288251b06194') in 0.083690 seconds
  Import took 0.092748 seconds .

========================================================================
Received Import Request.
  Time since last request: 0.000275 seconds.
  path: Assets/Classic Skybox/sky15.mat
  artifactKey: Guid(71b634fec31b38b46a30f6185273a772) Importer(815301076,1909f56bfc062723c751e8b465ee728b)
Start importing Assets/Classic Skybox/sky15.mat using Guid(71b634fec31b38b46a30f6185273a772) Importer(815301076,1909f56bfc062723c751e8b465ee728b)  -> (artifact id: 'ea796606e949ebee9a53be08dce77375') in 0.045142 seconds
  Import took 0.053358 seconds .

========================================================================
Received Import Request.
  Time since last request: 0.000201 seconds.
  path: Assets/Classic Skybox/sky09.mat
  artifactKey: Guid(45393aeb3a23e41448c136a05980c848) Importer(815301076,1909f56bfc062723c751e8b465ee728b)
Start importing Assets/Classic Skybox/sky09.mat using Guid(45393aeb3a23e41448c136a05980c848) Importer(815301076,1909f56bfc062723c751e8b465ee728b)  -> (artifact id: '502baf16c628277b9b46d0b15a1d76be') in 0.055965 seconds
  Import took 0.070889 seconds .

========================================================================
Received Import Request.
  Time since last request: 0.380681 seconds.
  path: Assets/ExampleAssets/Materials/Liquid_Mat.mat
  artifactKey: Guid(c532880e607f8c84d8b9bf0c46a522ad) Importer(815301076,1909f56bfc062723c751e8b465ee728b)
Start importing Assets/ExampleAssets/Materials/Liquid_Mat.mat using Guid(c532880e607f8c84d8b9bf0c46a522ad) Importer(815301076,1909f56bfc062723c751e8b465ee728b)  -> (artifact id: '3bf9985e948210718225141c8418d287') in 0.066176 seconds
  Import took 0.071933 seconds .

========================================================================
Received Import Request.
  Time since last request: 0.000180 seconds.
  path: Packages/com.unity.render-pipelines.universal/Runtime/Materials/Lit.mat
  artifactKey: Guid(31321ba15b8f8eb4c954353edc038b1d) Importer(815301076,1909f56bfc062723c751e8b465ee728b)
Start importing Packages/com.unity.render-pipelines.universal/Runtime/Materials/Lit.mat using Guid(31321ba15b8f8eb4c954353edc038b1d) Importer(815301076,1909f56bfc062723c751e8b465ee728b)  -> (artifact id: '97a46e45ab72210011683b98bb693f19') in 0.021369 seconds
  Import took 0.070299 seconds .

========================================================================
Received Import Request.
  Time since last request: 0.082740 seconds.
  path: Assets/ExampleAssets/Materials/LightBulb_Mat.mat
  artifactKey: Guid(ec739259ec61f5d4ba3ed6d34fd802a6) Importer(815301076,1909f56bfc062723c751e8b465ee728b)
Start importing Assets/ExampleAssets/Materials/LightBulb_Mat.mat using Guid(ec739259ec61f5d4ba3ed6d34fd802a6) Importer(815301076,1909f56bfc062723c751e8b465ee728b)  -> (artifact id: '6ed9e64f0d16e62cbd185bf095894f5b') in 0.416227 seconds
  Import took 0.422501 seconds .

========================================================================
Received Import Request.
  Time since last request: 0.000189 seconds.
  path: Assets/ExampleAssets/Models/jigsaw_low.fbx
  artifactKey: Guid(8b73e8872ca76104bbca4ee2b704a1b4) Importer(815301076,1909f56bfc062723c751e8b465ee728b)
Start importing Assets/ExampleAssets/Models/jigsaw_low.fbx using Guid(8b73e8872ca76104bbca4ee2b704a1b4) Importer(815301076,1909f56bfc062723c751e8b465ee728b)  -> (artifact id: '87b286f23ab1406b66ffa7fd117ec63a') in 0.063309 seconds
  Import took 0.068356 seconds .

========================================================================
Received Import Request.
  Time since last request: 0.000256 seconds.
  path: Assets/ExampleAssets/Materials/Jigsaw_Mat.mat
  artifactKey: Guid(801db2d997a562b4ea333aa4593ce0f0) Importer(815301076,1909f56bfc062723c751e8b465ee728b)
Start importing Assets/ExampleAssets/Materials/Jigsaw_Mat.mat using Guid(801db2d997a562b4ea333aa4593ce0f0) Importer(815301076,1909f56bfc062723c751e8b465ee728b)  -> (artifact id: '8c2c3e8b482bfe7692597efc101f542e') in 0.060243 seconds
  Import took 0.064666 seconds .

========================================================================
Received Import Request.
  Time since last request: 0.000208 seconds.
  path: Assets/ExampleAssets/Models/small_plane.fbx
  artifactKey: Guid(aeaee610429f51f44981e141eb2a3545) Importer(815301076,1909f56bfc062723c751e8b465ee728b)
Start importing Assets/ExampleAssets/Models/small_plane.fbx using Guid(aeaee610429f51f44981e141eb2a3545) Importer(815301076,1909f56bfc062723c751e8b465ee728b)  -> (artifact id: 'f21ffefb080f2bc5460e0e031b036c2e') in 0.046683 seconds
  Import took 0.051259 seconds .

========================================================================
Received Import Request.
  Time since last request: 0.000234 seconds.
  path: Assets/ExampleAssets/Models/hammer_low.fbx
  artifactKey: Guid(68a66fb5a71f8204a8dcb613c97d1fa8) Importer(815301076,1909f56bfc062723c751e8b465ee728b)
Start importing Assets/ExampleAssets/Models/hammer_low.fbx using Guid(68a66fb5a71f8204a8dcb613c97d1fa8) Importer(815301076,1909f56bfc062723c751e8b465ee728b)  -> (artifact id: 'a0098d2334523c92cc3d702ca4ee63b2') in 0.063056 seconds
  Import took 0.067674 seconds .

========================================================================
Received Import Request.
  Time since last request: 0.873099 seconds.
  path: Assets/ExampleAssets/Materials/Hammer_Mat.mat
  artifactKey: Guid(4efcffd7ae23f1e41943fd914b18da10) Importer(815301076,1909f56bfc062723c751e8b465ee728b)
Start importing Assets/ExampleAssets/Materials/Hammer_Mat.mat using Guid(4efcffd7ae23f1e41943fd914b18da10) Importer(815301076,1909f56bfc062723c751e8b465ee728b)  -> (artifact id: 'e35e9c0d8e130d6ff509af1a613494d7') in 0.064191 seconds
  Import took 0.077224 seconds .

========================================================================
Received Import Request.
  Time since last request: 0.000291 seconds.
  path: Assets/ExampleAssets/Materials/HardHat_Mat.mat
  artifactKey: Guid(e93789f0a5d66df4a81613935579642b) Importer(815301076,1909f56bfc062723c751e8b465ee728b)
Start importing Assets/ExampleAssets/Materials/HardHat_Mat.mat using Guid(e93789f0a5d66df4a81613935579642b) Importer(815301076,1909f56bfc062723c751e8b465ee728b)  -> (artifact id: 'f0451e8e4fc44c0c0ad06b480daab191') in 0.089452 seconds
  Import took 0.093762 seconds .

========================================================================
Received Import Request.
  Time since last request: 0.115247 seconds.
  path: Packages/com.unity.render-pipelines.core/Runtime/Debugging/Prefabs/Fonts/Perfect DOS VGA 437.ttf
  artifactKey: Guid(74a5091d8707f334b9a5c31ef71a64ba) Importer(815301076,1909f56bfc062723c751e8b465ee728b)
Start importing Packages/com.unity.render-pipelines.core/Runtime/Debugging/Prefabs/Fonts/Perfect DOS VGA 437.ttf using Guid(74a5091d8707f334b9a5c31ef71a64ba) Importer(815301076,1909f56bfc062723c751e8b465ee728b)  -> (artifact id: 'ca91db08ed2b2ee29570b7404c3ed2ba') in 0.297366 seconds
  Import took 0.315219 seconds .

========================================================================
Received Import Request.
  Time since last request: 0.000268 seconds.
  path: Assets/ExampleAssets/Materials/Ground_Mat.mat
  artifactKey: Guid(d92ef32394b5f474385d74b565a7bdd7) Importer(815301076,1909f56bfc062723c751e8b465ee728b)
Start importing Assets/ExampleAssets/Materials/Ground_Mat.mat using Guid(d92ef32394b5f474385d74b565a7bdd7) Importer(815301076,1909f56bfc062723c751e8b465ee728b)  -> (artifact id: '464ecfb875d680da63be4f88529f4394') in 0.090247 seconds
  Import took 0.095246 seconds .

========================================================================
Received Import Request.
  Time since last request: 0.499133 seconds.
  path: Assets/ExampleAssets/Models/ConstructionLight_Low.fbx
  artifactKey: Guid(e3ae06a3979f53046aa05330d69de1fa) Importer(815301076,1909f56bfc062723c751e8b465ee728b)
Start importing Assets/ExampleAssets/Models/ConstructionLight_Low.fbx using Guid(e3ae06a3979f53046aa05330d69de1fa) Importer(815301076,1909f56bfc062723c751e8b465ee728b)  -> (artifact id: '89b2f32173df055a9d31b242b3d5989c') in 0.189311 seconds
  Import took 0.206296 seconds .

========================================================================
Received Import Request.
  Time since last request: 0.000289 seconds.
  path: Assets/ExampleAssets/Materials/DryWall_Mat.mat
  artifactKey: Guid(a68228c24abfa2f4b8954d7b0148f799) Importer(815301076,1909f56bfc062723c751e8b465ee728b)
Start importing Assets/ExampleAssets/Materials/DryWall_Mat.mat using Guid(a68228c24abfa2f4b8954d7b0148f799) Importer(815301076,1909f56bfc062723c751e8b465ee728b)  -> (artifact id: '6b1d94bab502ca3021b8842519c6e122') in 0.086370 seconds
  Import took 0.092167 seconds .

========================================================================
Received Import Request.
  Time since last request: 0.000298 seconds.
  path: Assets/ExampleAssets/Materials/DryWallPainted_Mat.mat
  artifactKey: Guid(9b8eadc4de0544646b75ddcc43f8fd06) Importer(815301076,1909f56bfc062723c751e8b465ee728b)
Start importing Assets/ExampleAssets/Materials/DryWallPainted_Mat.mat using Guid(9b8eadc4de0544646b75ddcc43f8fd06) Importer(815301076,1909f56bfc062723c751e8b465ee728b)  -> (artifact id: 'e084f414280b96736064de24338bc225') in 0.082925 seconds
  Import took 0.088138 seconds .

========================================================================
Received Import Request.
  Time since last request: 0.000337 seconds.
  path: Assets/ExampleAssets/Materials/ConstructionLight_Mat.mat
  artifactKey: Guid(49076442eeb7e054b8e8869f8b40656d) Importer(815301076,1909f56bfc062723c751e8b465ee728b)
Start importing Assets/ExampleAssets/Materials/ConstructionLight_Mat.mat using Guid(49076442eeb7e054b8e8869f8b40656d) Importer(815301076,1909f56bfc062723c751e8b465ee728b)  -> (artifact id: '057c629e9591e646e979d0fd0d9eba29') in 0.423148 seconds
  Import took 0.429676 seconds .

========================================================================
Received Import Request.
  Time since last request: 0.000488 seconds.
  path: Assets/Materials/CORCHO.mat
  artifactKey: Guid(f8bb54dc88d34e3488e17b2d50c045df) Importer(815301076,1909f56bfc062723c751e8b465ee728b)
Start importing Assets/Materials/CORCHO.mat using Guid(f8bb54dc88d34e3488e17b2d50c045df) Importer(815301076,1909f56bfc062723c751e8b465ee728b)  -> (artifact id: 'fdb32cf298036f38183e943dd5ef949f') in 0.019771 seconds
  Import took 0.025487 seconds .

========================================================================
Received Import Request.
  Time since last request: 11.910496 seconds.
  path: Assets/Classic Skybox/07
  artifactKey: Guid(a3640226e3ca8b94fa46cbc0b8c05b44) Importer(815301076,1909f56bfc062723c751e8b465ee728b)
Start importing Assets/Classic Skybox/07 using Guid(a3640226e3ca8b94fa46cbc0b8c05b44) Importer(815301076,1909f56bfc062723c751e8b465ee728b)  -> (artifact id: '59b493d507ee6ce5d06ce28f833d2b2c') in 0.009592 seconds
  Import took 0.015185 seconds .

========================================================================
Received Import Request.
  Time since last request: 35.512304 seconds.
  path: Assets/Classic Skybox/07/CU.mat
  artifactKey: Guid(2ed87197ff51c624a82255e54580d766) Importer(815301076,1909f56bfc062723c751e8b465ee728b)
Start importing Assets/Classic Skybox/07/CU.mat using Guid(2ed87197ff51c624a82255e54580d766) Importer(815301076,1909f56bfc062723c751e8b465ee728b)  -> (artifact id: '07377b2741bf01b984ecdd156a14d3fa') in 0.024112 seconds
  Import took 0.034969 seconds .

========================================================================
Received Import Request.
  Time since last request: 164.035432 seconds.
  path: Assets/Classic Skybox/02/sky2_BK.jpg
  artifactKey: Guid(65c6f3e9e6f58ca4b8ff10c95b4ca6e1) Importer(815301076,1909f56bfc062723c751e8b465ee728b)
Start importing Assets/Classic Skybox/02/sky2_BK.jpg using Guid(65c6f3e9e6f58ca4b8ff10c95b4ca6e1) Importer(815301076,1909f56bfc062723c751e8b465ee728b)  -> (artifact id: '7f40f67fae6b54a7aacb4ecdfa2610e5') in 0.018883 seconds
  Import took 0.035347 seconds .

========================================================================
Received Import Request.
  Time since last request: 0.000241 seconds.
  path: Assets/Classic Skybox/02/sky2_DN.jpg
  artifactKey: Guid(f6e7d72d5fa156144977cf6a8c82da86) Importer(815301076,1909f56bfc062723c751e8b465ee728b)
Start importing Assets/Classic Skybox/02/sky2_DN.jpg using Guid(f6e7d72d5fa156144977cf6a8c82da86) Importer(815301076,1909f56bfc062723c751e8b465ee728b)  -> (artifact id: 'cdfb1e8d839a9f58e1cefce8c50a7cfe') in 0.037621 seconds
  Import took 0.044044 seconds .

========================================================================
Received Import Request.
  Time since last request: 0.000207 seconds.
  path: Assets/Classic Skybox/02/sky2_FR.jpg
  artifactKey: Guid(3fd4dc06b70073b4eb0926dd1bcb74e3) Importer(815301076,1909f56bfc062723c751e8b465ee728b)
Start importing Assets/Classic Skybox/02/sky2_FR.jpg using Guid(3fd4dc06b70073b4eb0926dd1bcb74e3) Importer(815301076,1909f56bfc062723c751e8b465ee728b)  -> (artifact id: 'dd22613fe0cbf684fc98acb418ae9d94') in 0.028171 seconds
  Import took 0.033630 seconds .

========================================================================
Received Import Request.
  Time since last request: 0.000266 seconds.
  path: Assets/Classic Skybox/02/sky2_LF.jpg
  artifactKey: Guid(0c8332e2b60ec5b4cb2862d8cc27b0a1) Importer(815301076,1909f56bfc062723c751e8b465ee728b)
Start importing Assets/Classic Skybox/02/sky2_LF.jpg using Guid(0c8332e2b60ec5b4cb2862d8cc27b0a1) Importer(815301076,1909f56bfc062723c751e8b465ee728b)  -> (artifact id: 'e70ea7f4e5a89899ca6cd4c063939ab6') in 0.024531 seconds
  Import took 0.047163 seconds .

========================================================================
Received Import Request.
  Time since last request: 0.000170 seconds.
  path: Assets/Classic Skybox/02/sky2_FR.jpg
  artifactKey: Guid(3fd4dc06b70073b4eb0926dd1bcb74e3) Importer(815301076,1909f56bfc062723c751e8b465ee728b)
Start importing Assets/Classic Skybox/02/sky2_FR.jpg using Guid(3fd4dc06b70073b4eb0926dd1bcb74e3) Importer(815301076,1909f56bfc062723c751e8b465ee728b)  -> (artifact id: 'dd22613fe0cbf684fc98acb418ae9d94') in 0.017921 seconds
  Import took 0.031022 seconds .

========================================================================
Received Import Request.
  Time since last request: 0.000364 seconds.
  path: Assets/Classic Skybox/02/sky2_UP.jpg
  artifactKey: Guid(cb96f5cc248545448b827f26d9936624) Importer(815301076,1909f56bfc062723c751e8b465ee728b)
Start importing Assets/Classic Skybox/02/sky2_UP.jpg using Guid(cb96f5cc248545448b827f26d9936624) Importer(815301076,1909f56bfc062723c751e8b465ee728b)  -> (artifact id: '7c063acf9d36355cf439f54118358241') in 0.031847 seconds
  Import took 0.046322 seconds .

========================================================================
Received Import Request.
  Time since last request: 0.000291 seconds.
  path: Assets/Classic Skybox/02/sky2_RT.jpg
  artifactKey: Guid(e33d25d812b741543b0fec04eb9c314d) Importer(815301076,1909f56bfc062723c751e8b465ee728b)
Start importing Assets/Classic Skybox/02/sky2_RT.jpg using Guid(e33d25d812b741543b0fec04eb9c314d) Importer(815301076,1909f56bfc062723c751e8b465ee728b)  -> (artifact id: 'ed4b8108d5ececdda8f668174dcaa7ca') in 0.033598 seconds
  Import took 0.040246 seconds .

========================================================================
Received Prepare
Registering precompiled user dll's ...
Registered in 0.007062 seconds.
Begin MonoManager ReloadAssembly
Native extension for WindowsStandalone target not found
Native extension for WebGL target not found
Refreshing native plugins compatible for Editor in 0.77 ms, found 2 plugins.
Preloading 0 native plugins for Editor in 0.00 ms.
Mono: successfully reloaded assembly
- Completed reload, in  1.637 seconds
Platform modules already initialized, skipping
Shader 'Universal Render Pipeline/Particles/Lit': fallback shader 'Universal Render Pipeline/Particles/SimpleLit' not found
Shader 'Universal Render Pipeline/Particles/Lit': fallback shader 'Universal Render Pipeline/Particles/SimpleLit' not found
Refreshing native plugins compatible for Editor in 2.75 ms, found 2 plugins.
Preloading 0 native plugins for Editor in 0.00 ms.
Unloading 2617 Unused Serialized files (Serialized files now loaded: 0)
System memory in use before: 125.5 MB.
System memory in use after: 123.7 MB.

Unloading 42 unused Assets to reduce memory usage. Loaded Objects now: 3207.
Total: 4.436200 ms (FindLiveObjects: 0.305000 ms CreateObjectMapping: 0.162600 ms MarkObjects: 2.802300 ms  DeleteObjects: 1.164200 ms)

========================================================================
Received Import Request.
  Time since last request: 268.957767 seconds.
  path: Assets/Classic Skybox/07/CU.mat
  artifactKey: Guid(2ed87197ff51c624a82255e54580d766) Importer(815301076,1909f56bfc062723c751e8b465ee728b)
Start importing Assets/Classic Skybox/07/CU.mat using Guid(2ed87197ff51c624a82255e54580d766) Importer(815301076,1909f56bfc062723c751e8b465ee728b)  -> (artifact id: '3e555b46d9f60a8ebe18079e1e097dfe') in 0.351108 seconds
  Import took 0.356456 seconds .

========================================================================
Received Import Request.
  Time since last request: 926.223014 seconds.
  path: Assets/Settings/ForwardRenderer.asset
  artifactKey: Guid(4a8e21d5c33334b11b34a596161b9360) Importer(815301076,1909f56bfc062723c751e8b465ee728b)
Start importing Assets/Settings/ForwardRenderer.asset using Guid(4a8e21d5c33334b11b34a596161b9360) Importer(815301076,1909f56bfc062723c751e8b465ee728b)  -> (artifact id: '63cf95242464b0f1307a08bc2392aaaa') in 0.031107 seconds
  Import took 0.053351 seconds .

========================================================================
Received Import Request.
  Time since last request: 0.000354 seconds.
  path: Assets/Settings/SampleSceneProfile.asset
  artifactKey: Guid(10fc4df2da32a41aaa32d77bc913491c) Importer(815301076,1909f56bfc062723c751e8b465ee728b)
Start importing Assets/Settings/SampleSceneProfile.asset using Guid(10fc4df2da32a41aaa32d77bc913491c) Importer(815301076,1909f56bfc062723c751e8b465ee728b)  -> (artifact id: 'd2b3f476ab718b1cf20d183dd9addfe7') in 0.008860 seconds
  Import took 0.057233 seconds .

========================================================================
Received Import Request.
  Time since last request: 0.000366 seconds.
  path: Assets/Settings/UniversalRP-LowQuality.asset
  artifactKey: Guid(a31e9f9f9c9d4b9429ed0d1234e22103) Importer(815301076,1909f56bfc062723c751e8b465ee728b)
Start importing Assets/Settings/UniversalRP-LowQuality.asset using Guid(a31e9f9f9c9d4b9429ed0d1234e22103) Importer(815301076,1909f56bfc062723c751e8b465ee728b)  -> (artifact id: 'b226a0bb157262eadf686f6bb5b5f1f8') in 0.014860 seconds
  Import took 0.039115 seconds .

========================================================================
Received Import Request.
  Time since last request: 0.000520 seconds.
  path: Assets/Settings/UniversalRP-MediumQuality.asset
  artifactKey: Guid(d847b876476d3d6468f5dfcd34266f96) Importer(815301076,1909f56bfc062723c751e8b465ee728b)
Start importing Assets/Settings/UniversalRP-MediumQuality.asset using Guid(d847b876476d3d6468f5dfcd34266f96) Importer(815301076,1909f56bfc062723c751e8b465ee728b)  -> (artifact id: 'd421f548a6507a11f25ec3578746e9c1') in 0.012120 seconds
  Import took 0.063474 seconds .

========================================================================
Received Import Request.
  Time since last request: 0.000259 seconds.
  path: Assets/Settings/UniversalRP-HighQuality.asset
  artifactKey: Guid(19ba41d7c0026c3459d37c2fe90c55a0) Importer(815301076,1909f56bfc062723c751e8b465ee728b)
Start importing Assets/Settings/UniversalRP-HighQuality.asset using Guid(19ba41d7c0026c3459d37c2fe90c55a0) Importer(815301076,1909f56bfc062723c751e8b465ee728b)  -> (artifact id: '02e18c1f933b70f494440bf5e7626866') in 0.043380 seconds
  Import took 0.049395 seconds .

AssetImportWorkerClient::OnTransportError - code=2 error=End of file
